\BOOKMARK [1][-]{section.1}{Introduction}{}% 1
\BOOKMARK [1][-]{section.2}{Combinatorics}{}% 2
\BOOKMARK [1][-]{section.3}{Number Theory}{}% 3
\BOOKMARK [2][-]{subsection.3.1}{Divisors}{section.3}% 4
\BOOKMARK [2][-]{subsection.3.2}{Modulo}{section.3}% 5
\BOOKMARK [2][-]{subsection.3.3}{Bases}{section.3}% 6
\BOOKMARK [2][-]{subsection.3.4}{Miscellenous}{section.3}% 7
\BOOKMARK [1][-]{section.4}{Algebra}{}% 8
\BOOKMARK [2][-]{subsection.4.1}{Polynomials}{section.4}% 9
\BOOKMARK [2][-]{subsection.4.2}{Manipulation}{section.4}% 10
\BOOKMARK [2][-]{subsection.4.3}{Telescoping}{section.4}% 11
\BOOKMARK [2][-]{subsection.4.4}{Trigonometry}{section.4}% 12
\BOOKMARK [2][-]{subsection.4.5}{Logarithms}{section.4}% 13
\BOOKMARK [2][-]{subsection.4.6}{Functions}{section.4}% 14
\BOOKMARK [2][-]{subsection.4.7}{Inequalities}{section.4}% 15
\BOOKMARK [2][-]{subsection.4.8}{Fake Algebra}{section.4}% 16
\BOOKMARK [1][-]{section.5}{Geometry}{}% 17
\BOOKMARK [1][-]{section.6}{Associated Solutions}{}% 18
\BOOKMARK [2][-]{subsection.6.1}{Combinatorics}{section.6}% 19
\BOOKMARK [2][-]{subsection.6.2}{Number Theory}{section.6}% 20
\BOOKMARK [2][-]{subsection.6.3}{Algebra}{section.6}% 21
\BOOKMARK [2][-]{subsection.6.4}{Geometry}{section.6}% 22
